# JRE version: OpenJDK Runtime Environment (21.0.3) (build 21.0.3+-12282718-b509.11)
# Java VM: OpenJDK 64-Bit Server VM (21.0.3+-12282718-b509.11, mixed mode, tiered, compressed oops, compressed class ptrs, g1 gc, windows-amd64)
GC Precious Log:
 CardTable entry size: 512
 Card Set container configuration: InlinePtr #cards 5 size 8 Array Of Cards #cards 12 size 40 Howl #buckets 4 coarsen threshold 1843 Howl Bitmap #cards 512 size 80 coarsen threshold 460 Card regions per heap region 1 cards per card region 2048
 CPUs: 8 total, 8 available
 Memory: 16107M
 Large Page Support: Disabled
 NUMA Support: Disabled
 Compressed Oops: Enabled (32-bit)
 Heap Region Size: 1M
 Heap Min Capacity: 8M
 Heap Initial Capacity: 252M
 Heap Max Capacity: 2G
 Pre-touch: Disabled
 Parallel Workers: 8
 Concurrent Workers: 2
 Concurrent Refinement Workers: 8
 Periodic GC: Disabled
Heap:
 garbage-first heap   total 494592K, used 319488K [0x0000000080000000, 0x0000000100000000)
  region size 1024K, 26 young (26624K), 13 survivors (13312K)
 Metaspace       used 279828K, committed 282368K, reserved 1310720K
  class space    used 36136K, committed 37440K, reserved 1048576K
GC Heap History (20 events):
Event: 1892.447 GC heap before
{Heap before GC invocations=106 (full 0):
 garbage-first heap   total 491520K, used 381626K [0x0000000080000000, 0x0000000100000000)
  region size 1024K, 154 young (157696K), 13 survivors (13312K)
 Metaspace       used 245212K, committed 248064K, reserved 1310720K
  class space    used 31652K, committed 33088K, reserved 1048576K
}
Event: 1892.466 GC heap after
{Heap after GC invocations=107 (full 0):
 garbage-first heap   total 491520K, used 233488K [0x0000000080000000, 0x0000000100000000)
  region size 1024K, 9 young (9216K), 9 survivors (9216K)
 Metaspace       used 245212K, committed 248064K, reserved 1310720K
  class space    used 31652K, committed 33088K, reserved 1048576K
}
Event: 1899.663 GC heap before
{Heap before GC invocations=108 (full 0):
 garbage-first heap   total 491520K, used 471056K [0x0000000080000000, 0x0000000100000000)
  region size 1024K, 227 young (232448K), 9 survivors (9216K)
 Metaspace       used 255192K, committed 257664K, reserved 1310720K
  class space    used 33148K, committed 34368K, reserved 1048576K
}
Event: 1899.694 GC heap after
{Heap after GC invocations=109 (full 0):
 garbage-first heap   total 494592K, used 253459K [0x0000000080000000, 0x0000000100000000)
  region size 1024K, 21 young (21504K), 21 survivors (21504K)
 Metaspace       used 255192K, committed 257664K, reserved 1310720K
  class space    used 33148K, committed 34368K, reserved 1048576K
}
Event: 1903.489 GC heap before
{Heap before GC invocations=109 (full 0):
 garbage-first heap   total 494592K, used 446995K [0x0000000080000000, 0x0000000100000000)
  region size 1024K, 210 young (215040K), 21 survivors (21504K)
 Metaspace       used 255193K, committed 257664K, reserved 1310720K
  class space    used 33148K, committed 34368K, reserved 1048576K
}
Event: 1903.534 GC heap after
{Heap after GC invocations=110 (full 0):
 garbage-first heap   total 494592K, used 256000K [0x0000000080000000, 0x0000000100000000)
  region size 1024K, 9 young (9216K), 9 survivors (9216K)
 Metaspace       used 255193K, committed 257664K, reserved 1310720K
  class space    used 33148K, committed 34368K, reserved 1048576K
}
Event: 1905.976 GC heap before
{Heap before GC invocations=110 (full 0):
 garbage-first heap   total 494592K, used 459776K [0x0000000080000000, 0x0000000100000000)
  region size 1024K, 208 young (212992K), 9 survivors (9216K)
 Metaspace       used 255193K, committed 257664K, reserved 1310720K
  class space    used 33148K, committed 34368K, reserved 1048576K
}
Event: 1905.986 GC heap after
{Heap after GC invocations=111 (full 0):
 garbage-first heap   total 494592K, used 262616K [0x0000000080000000, 0x0000000100000000)
  region size 1024K, 16 young (16384K), 16 survivors (16384K)
 Metaspace       used 255193K, committed 257664K, reserved 1310720K
  class space    used 33148K, committed 34368K, reserved 1048576K
}
Event: 1909.529 GC heap before
{Heap before GC invocations=112 (full 0):
 garbage-first heap   total 494592K, used 463320K [0x0000000080000000, 0x0000000100000000)
  region size 1024K, 201 young (205824K), 16 survivors (16384K)
 Metaspace       used 267313K, committed 269696K, reserved 1310720K
  class space    used 34727K, committed 35904K, reserved 1048576K
}
Event: 1909.560 GC heap after
{Heap after GC invocations=113 (full 0):
 garbage-first heap   total 494592K, used 269856K [0x0000000080000000, 0x0000000100000000)
  region size 1024K, 15 young (15360K), 15 survivors (15360K)
 Metaspace       used 267313K, committed 269696K, reserved 1310720K
  class space    used 34727K, committed 35904K, reserved 1048576K
}
Event: 1910.443 GC heap before
{Heap before GC invocations=113 (full 0):
 garbage-first heap   total 494592K, used 454176K [0x0000000080000000, 0x0000000100000000)
  region size 1024K, 193 young (197632K), 15 survivors (15360K)
 Metaspace       used 267738K, committed 270144K, reserved 1310720K
  class space    used 34755K, committed 35968K, reserved 1048576K
}
Event: 1910.459 GC heap after
{Heap after GC invocations=114 (full 0):
 garbage-first heap   total 494592K, used 267894K [0x0000000080000000, 0x0000000100000000)
  region size 1024K, 11 young (11264K), 11 survivors (11264K)
 Metaspace       used 267738K, committed 270144K, reserved 1310720K
  class space    used 34755K, committed 35968K, reserved 1048576K
}
Event: 1911.215 GC heap before
{Heap before GC invocations=114 (full 0):
 garbage-first heap   total 494592K, used 457334K [0x0000000080000000, 0x0000000100000000)
  region size 1024K, 196 young (200704K), 11 survivors (11264K)
 Metaspace       used 267761K, committed 270208K, reserved 1310720K
  class space    used 34756K, committed 35968K, reserved 1048576K
}
Event: 1911.223 GC heap after
{Heap after GC invocations=115 (full 0):
 garbage-first heap   total 494592K, used 268284K [0x0000000080000000, 0x0000000100000000)
  region size 1024K, 11 young (11264K), 11 survivors (11264K)
 Metaspace       used 267761K, committed 270208K, reserved 1310720K
  class space    used 34756K, committed 35968K, reserved 1048576K
}
Event: 1914.690 GC heap before
{Heap before GC invocations=116 (full 0):
 garbage-first heap   total 494592K, used 461820K [0x0000000080000000, 0x0000000100000000)
  region size 1024K, 196 young (200704K), 11 survivors (11264K)
 Metaspace       used 273667K, committed 276096K, reserved 1310720K
  class space    used 35379K, committed 36608K, reserved 1048576K
}
Event: 1914.708 GC heap after
{Heap after GC invocations=117 (full 0):
 garbage-first heap   total 494592K, used 274929K [0x0000000080000000, 0x0000000100000000)
  region size 1024K, 20 young (20480K), 20 survivors (20480K)
 Metaspace       used 273667K, committed 276096K, reserved 1310720K
  class space    used 35379K, committed 36608K, reserved 1048576K
}
Event: 2046.117 GC heap before
{Heap before GC invocations=117 (full 0):
 garbage-first heap   total 494592K, used 446961K [0x0000000080000000, 0x0000000100000000)
  region size 1024K, 189 young (193536K), 20 survivors (20480K)
 Metaspace       used 278310K, committed 280832K, reserved 1310720K
  class space    used 35989K, committed 37248K, reserved 1048576K
}
Event: 2046.156 GC heap after
{Heap after GC invocations=118 (full 0):
 garbage-first heap   total 494592K, used 285620K [0x0000000080000000, 0x0000000100000000)
  region size 1024K, 17 young (17408K), 17 survivors (17408K)
 Metaspace       used 278310K, committed 280832K, reserved 1310720K
  class space    used 35989K, committed 37248K, reserved 1048576K
}
Event: 2047.586 GC heap before
{Heap before GC invocations=118 (full 0):
 garbage-first heap   total 494592K, used 347060K [0x0000000080000000, 0x0000000100000000)
  region size 1024K, 79 young (80896K), 17 survivors (17408K)
 Metaspace       used 279814K, committed 282368K, reserved 1310720K
  class space    used 36136K, committed 37440K, reserved 1048576K
}
Event: 2047.621 GC heap after
{Heap after GC invocations=119 (full 0):
 garbage-first heap   total 494592K, used 297984K [0x0000000080000000, 0x0000000100000000)
  region size 1024K, 13 young (13312K), 13 survivors (13312K)
 Metaspace       used 279814K, committed 282368K, reserved 1310720K
  class space    used 36136K, committed 37440K, reserved 1048576K
}

